<?xml version="1.0" encoding="UTF-8"?>
<testng-results ignored="0" total="4" passed="4" failed="0" skipped="0">
  <reporter-output>
  </reporter-output>
  <suite started-at="2024-06-22T20:36:17 IST" name="Suite" finished-at="2024-06-22T20:36:38 IST" duration-ms="21654">
    <groups>
      <group name="Master">
        <method signature="TC_001_AccountRegistrationTest.verify_account_registration()[pri:0, instance:testCases.TC_001_AccountRegistrationTest@595b007d]" name="verify_account_registration" class="testCases.TC_001_AccountRegistrationTest"/>
        <method signature="TC_002_LoginTest.verify_login()[pri:0, instance:testCases.TC_002_LoginTest@7e07db1f]" name="verify_login" class="testCases.TC_002_LoginTest"/>
        <method signature="TC_001_AccountRegistrationTest.verify_account_registration()[pri:0, instance:testCases.TC_001_AccountRegistrationTest@689604d9]" name="verify_account_registration" class="testCases.TC_001_AccountRegistrationTest"/>
        <method signature="TC_002_LoginTest.verify_login()[pri:0, instance:testCases.TC_002_LoginTest@18078bef]" name="verify_login" class="testCases.TC_002_LoginTest"/>
      </group> <!-- Master -->
      <group name="Sanity">
        <method signature="TC_001_AccountRegistrationTest.verify_account_registration()[pri:0, instance:testCases.TC_001_AccountRegistrationTest@595b007d]" name="verify_account_registration" class="testCases.TC_001_AccountRegistrationTest"/>
        <method signature="TC_001_AccountRegistrationTest.verify_account_registration()[pri:0, instance:testCases.TC_001_AccountRegistrationTest@689604d9]" name="verify_account_registration" class="testCases.TC_001_AccountRegistrationTest"/>
      </group> <!-- Sanity -->
      <group name="Regression">
        <method signature="TC_002_LoginTest.verify_login()[pri:0, instance:testCases.TC_002_LoginTest@7e07db1f]" name="verify_login" class="testCases.TC_002_LoginTest"/>
        <method signature="TC_002_LoginTest.verify_login()[pri:0, instance:testCases.TC_002_LoginTest@18078bef]" name="verify_login" class="testCases.TC_002_LoginTest"/>
      </group> <!-- Regression -->
    </groups>
    <test started-at="2024-06-22T20:36:17 IST" name="linux-chrome" finished-at="2024-06-22T20:36:26 IST" duration-ms="9617">
      <class name="testCases.TC_001_AccountRegistrationTest">
        <test-method is-config="true" signature="setup(java.lang.String,java.lang.String)[pri:0, instance:testCases.TC_001_AccountRegistrationTest@595b007d]" started-at="2024-06-22T20:36:17 IST" name="setup" finished-at="2024-06-22T20:36:22 IST" duration-ms="4838" status="PASS">
          <params>
            <param index="0">
              <value>
                <![CDATA[linux]]>
              </value>
            </param>
            <param index="1">
              <value>
                <![CDATA[chrome]]>
              </value>
            </param>
          </params>
          <reporter-output>
          </reporter-output>
        </test-method> <!-- setup -->
        <test-method signature="verify_account_registration()[pri:0, instance:testCases.TC_001_AccountRegistrationTest@595b007d]" started-at="2024-06-22T20:36:22 IST" name="verify_account_registration" finished-at="2024-06-22T20:36:24 IST" duration-ms="1889" status="PASS">
          <reporter-output>
          </reporter-output>
        </test-method> <!-- verify_account_registration -->
        <test-method is-config="true" signature="teardown()[pri:0, instance:testCases.TC_001_AccountRegistrationTest@595b007d]" started-at="2024-06-22T20:36:24 IST" name="teardown" finished-at="2024-06-22T20:36:24 IST" duration-ms="153" status="PASS">
          <reporter-output>
          </reporter-output>
        </test-method> <!-- teardown -->
      </class> <!-- testCases.TC_001_AccountRegistrationTest -->
      <class name="testCases.TC_002_LoginTest">
        <test-method is-config="true" signature="setup(java.lang.String,java.lang.String)[pri:0, instance:testCases.TC_002_LoginTest@7e07db1f]" started-at="2024-06-22T20:36:24 IST" name="setup" finished-at="2024-06-22T20:36:25 IST" duration-ms="1191" status="PASS">
          <params>
            <param index="0">
              <value>
                <![CDATA[linux]]>
              </value>
            </param>
            <param index="1">
              <value>
                <![CDATA[chrome]]>
              </value>
            </param>
          </params>
          <reporter-output>
          </reporter-output>
        </test-method> <!-- setup -->
        <test-method signature="verify_login()[pri:0, instance:testCases.TC_002_LoginTest@7e07db1f]" started-at="2024-06-22T20:36:25 IST" name="verify_login" finished-at="2024-06-22T20:36:26 IST" duration-ms="1194" status="PASS">
          <reporter-output>
          </reporter-output>
        </test-method> <!-- verify_login -->
        <test-method is-config="true" signature="teardown()[pri:0, instance:testCases.TC_002_LoginTest@7e07db1f]" started-at="2024-06-22T20:36:26 IST" name="teardown" finished-at="2024-06-22T20:36:26 IST" duration-ms="85" status="PASS">
          <reporter-output>
          </reporter-output>
        </test-method> <!-- teardown -->
      </class> <!-- testCases.TC_002_LoginTest -->
    </test> <!-- linux-chrome -->
    <test started-at="2024-06-22T20:36:27 IST" name="linux-firefox" finished-at="2024-06-22T20:36:38 IST" duration-ms="11402">
      <class name="testCases.TC_001_AccountRegistrationTest">
        <test-method is-config="true" signature="setup(java.lang.String,java.lang.String)[pri:0, instance:testCases.TC_001_AccountRegistrationTest@689604d9]" started-at="2024-06-22T20:36:27 IST" name="setup" finished-at="2024-06-22T20:36:31 IST" duration-ms="4136" status="PASS">
          <params>
            <param index="0">
              <value>
                <![CDATA[linux]]>
              </value>
            </param>
            <param index="1">
              <value>
                <![CDATA[firefox]]>
              </value>
            </param>
          </params>
          <reporter-output>
          </reporter-output>
        </test-method> <!-- setup -->
        <test-method signature="verify_account_registration()[pri:0, instance:testCases.TC_001_AccountRegistrationTest@689604d9]" started-at="2024-06-22T20:36:31 IST" name="verify_account_registration" finished-at="2024-06-22T20:36:33 IST" duration-ms="1888" status="PASS">
          <reporter-output>
          </reporter-output>
        </test-method> <!-- verify_account_registration -->
        <test-method is-config="true" signature="teardown()[pri:0, instance:testCases.TC_001_AccountRegistrationTest@689604d9]" started-at="2024-06-22T20:36:33 IST" name="teardown" finished-at="2024-06-22T20:36:34 IST" duration-ms="720" status="PASS">
          <reporter-output>
          </reporter-output>
        </test-method> <!-- teardown -->
      </class> <!-- testCases.TC_001_AccountRegistrationTest -->
      <class name="testCases.TC_002_LoginTest">
        <test-method is-config="true" signature="setup(java.lang.String,java.lang.String)[pri:0, instance:testCases.TC_002_LoginTest@18078bef]" started-at="2024-06-22T20:36:34 IST" name="setup" finished-at="2024-06-22T20:36:36 IST" duration-ms="2843" status="PASS">
          <params>
            <param index="0">
              <value>
                <![CDATA[linux]]>
              </value>
            </param>
            <param index="1">
              <value>
                <![CDATA[firefox]]>
              </value>
            </param>
          </params>
          <reporter-output>
          </reporter-output>
        </test-method> <!-- setup -->
        <test-method signature="verify_login()[pri:0, instance:testCases.TC_002_LoginTest@18078bef]" started-at="2024-06-22T20:36:36 IST" name="verify_login" finished-at="2024-06-22T20:36:38 IST" duration-ms="1073" status="PASS">
          <reporter-output>
          </reporter-output>
        </test-method> <!-- verify_login -->
        <test-method is-config="true" signature="teardown()[pri:0, instance:testCases.TC_002_LoginTest@18078bef]" started-at="2024-06-22T20:36:38 IST" name="teardown" finished-at="2024-06-22T20:36:38 IST" duration-ms="736" status="PASS">
          <reporter-output>
          </reporter-output>
        </test-method> <!-- teardown -->
      </class> <!-- testCases.TC_002_LoginTest -->
    </test> <!-- linux-firefox -->
  </suite> <!-- Suite -->
</testng-results>
